idx:0001,md5:0f153377de8c122409c04e38c9bfa34b,file: assets/map/mojie3.tmf
idx:0002,md5:6fb40dc416df02d2a0d209bb4d212a01,file: assets/map/biqicheng.tmf
idx:0003,md5:b4b39e34a1408e0b425369509e634277,file: assets/CocoUI/UIRes/load/loading_bg.jpg
idx:0004,md5:89b1bc9cda59470e6a7c640a2579ce2f,file: assets/map/yinxingshanguyewai.tmf
idx:0005,md5:077f4939cf70949281507db7ed7d98ce,file: assets/map/mojie7.tmf
idx:0006,md5:5a4e1fd00a20f9a3403d9c2af4df0b07,file: assets/Data/monsterProperty.bin
idx:0007,md5:1a1ea91a79068e7701976aa903a5b559,file: assets/map/yezhudong.tmf
idx:0008,md5:7d4e49412fcd3975d79dc7990fe8e640,file: assets/CocoUI/LeagueInfoUI.json.bin
idx:0009,md5:6fdea10aaea94d888116187a89862030,file: assets/map/mojie1.tmf
idx:0010,md5:077f4939cf70949281507db7ed7d98ce,file: assets/map/mojie8.tmf
idx:0011,md5:0239937215fe7844eba9fbb3fb9e51d6,file: assets/map/aomasimiao2.tmf
idx:0012,md5:c1a9b85b0faa09644029ca95133a29f7,file: assets/map/kuangdong.tmf
idx:0013,md5:077f4939cf70949281507db7ed7d98ce,file: assets/map/mojie2.tmf
idx:0014,md5:984cad1345a513bbf88c9ebc56abd291,file: assets/CocoUI/Server list_1.json.bin
idx:0015,md5:85be8c8d3b7ac3fb2358b9056e06fe58,file: assets/map/mojie9.tmf
idx:0016,md5:077f4939cf70949281507db7ed7d98ce,file: assets/map/mojie4.tmf
idx:0017,md5:0f153377de8c122409c04e38c9bfa34b,file: assets/map/mojie5.tmf
idx:0018,md5:804d3e4b86fcca47d5a3ecd475d00176,file: assets/map/aomasimiao1.tmf
idx:0019,md5:f08434d2559c3d07baafd8782b561d66,file: assets/map/chiyuejitan1.tmf
idx:0020,md5:5a16b15d38b26555300de33f1f2200b1,file: assets/map/zumasimiao1.tmf
idx:0021,md5:077f4939cf70949281507db7ed7d98ce,file: assets/map/mojie6.tmf
idx:0022,md5:661e00df8be9315cc5ff4060b7b0b235,file: assets/map/yezhudong1.tmf
idx:0023,md5:e7efb09ebd23d403decc76fe8ecac6b6,file: assets/Data/npc.bin
