idx:0001,md5:a863f4847cb208f2d55faaaa95404be5,file: assets/CocoUI/UIRes/towerDefense/npcInfoBgDead.png
idx:0002,md5:1ece68572734a51eed2093dcdca7bccd,file: assets/CocoUI/UIRes/moderchenhao/nanjue.png
idx:0003,md5:ad2980f3c1ec85d1776f348dce47a033,file: assets/map/jindishouhu/9_3.jpg
idx:0004,md5:546c3fc9ddf36fe95e21a1a04466d511,file: assets/map/jindishouhu/7_7.jpg
idx:0005,md5:1fbe9f54db347bb10ca128a58e3da03a,file: assets/map/jindishouhu/2_5.jpg
idx:0006,md5:9a2facf2389c3b63fc364c540105d1e9,file: assets/map/jindishouhu/8_5.jpg
idx:0007,md5:1aab50fdff92ea6d589e4d14a5e52c4b,file: assets/map/jindishouhu/4_7.jpg
idx:0008,md5:534a89b77d8062fda26691ceb75e2bf9,file: assets/map/jindishouhu/7_6.jpg
idx:0009,md5:00594fd4f42ba43fc1ca0427a0576295,file: assets/map/jindishouhu/2_2.jpg
idx:0010,md5:ec17fe0576f783d12a179f67fef98f5d,file: assets/map/jindishouhu/9_6.jpg
idx:0011,md5:0c62710d0c371804e62598ed7ebe6323,file: assets/CocoUI/UIRes/Escort/beauty/5.png
idx:0012,md5:be9fccd7f27c895445ff8fe66be982e0,file: assets/map/jindishouhu/2_6.jpg
idx:0013,md5:f02b357463dc197e78df546e324e5968,file: assets/map/jindishouhu/10_3.jpg
idx:0014,md5:00594fd4f42ba43fc1ca0427a0576295,file: assets/map/jindishouhu/5_0.jpg
idx:0015,md5:e6c91d42450e0282d3fd4acf9ce8a8c8,file: assets/xml/resourceCfg.xml
idx:0016,md5:17c3924a381d6ebc7a1e0604f7e4edc0,file: assets/map/biqicheng.tmf
idx:0017,md5:93a269abbc611f2f2c0b40f4bfa15a2e,file: assets/map/jindishouhu/9_5.jpg
idx:0018,md5:d41d8cd98f00b204e9800998ecf8427e,file: assets/CocoUI/TowerDefenseListItem.json.bin
idx:0019,md5:aab409335cb723fb62193f02f3d89f06,file: assets/map/jindishouhu/2_7.jpg
idx:0020,md5:836123f209a9158cae68e02e0756462c,file: assets/CocoUI/UIRes/moderchenhao/shenwuhou.png
idx:0021,md5:cb953a7a5dae287b66e3d1a63d0ac649,file: assets/map/jindishouhu/8_3.jpg
idx:0022,md5:440796a83fd67a982b3b6348f30a2444,file: assets/map/jindishouhu/4_1.jpg
idx:0023,md5:e514bd826d64c21c2364964887f40c7b,file: assets/map/jindishouhu/8_4.jpg
idx:0024,md5:cc230da394881f83227d3a786b28bf89,file: assets/map/jindishouhu/3_7.jpg
idx:0025,md5:0c8865c2dffa8464406f9fe8780b322b,file: assets/map/jindishouhu/3_3.jpg
idx:0026,md5:9d2387baa507b2c1bd4a896e16b4afed,file: assets/CocoUI/UIRes/moderchenhao/shezhengwang.png
idx:0027,md5:db95872f617071db3c1caadd722dcb8d,file: assets/Data/monsterProperty.bin
idx:0028,md5:c46bb25c8c994d5e0d5df4f330092529,file: assets/CocoUI/UIRes/towerDefense/towerBg.png
idx:0029,md5:d5d516dac19326bcf84ff9a8fd136e9d,file: assets/map/jindishouhu/4_4.jpg
idx:0030,md5:a78ec31f38732e119bddf7ab53578e24,file: assets/map/jindishouhu/6_7.jpg
idx:0031,md5:c33562d2b42368c8e507a4a6da62354c,file: assets/map/jindishouhu/8_1.jpg
idx:0032,md5:1317714cf1e2bedc7c9f8cb63ca4df88,file: assets/map/jindishouhu/10_5.jpg
idx:0033,md5:78674bd836660a03253be8dd1d61485a,file: assets/map/jindishouhu/7_2.jpg
idx:0034,md5:87edf08937c8bd0534a3f8ac1b8a6a7a,file: assets/map/jindishouhu/2_3.jpg
idx:0035,md5:03ae479f13bde9250753da32573610f9,file: assets/model/body/1901.pvr.ccz
idx:0036,md5:65afaa1764913e671dd008b6ccc1b1bb,file: assets/map/jindishouhu/0_4.jpg
idx:0037,md5:3274f2b5d9d24861b440aa73a74dd5de,file: assets/CocoUI/EscortTask.json.bin
idx:0038,md5:00594fd4f42ba43fc1ca0427a0576295,file: assets/map/jindishouhu/1_8.jpg
idx:0039,md5:429da46e705a0b66cc1bda037cf48af7,file: assets/Data/sound.bin
idx:0040,md5:9cf94ac69c39d0624b55f86545c2830d,file: assets/map/jindishouhu/7_4.jpg
idx:0041,md5:d81667ca95bac4316e57cc130f6fb6f6,file: assets/map/jindishouhu/3_6.jpg
idx:0042,md5:cc8dfdb44b6301c2630af725dc297305,file: assets/map/jindishouhu/1_6.jpg
idx:0043,md5:2841098da9a25ff418a3832a1aa791b8,file: assets/map/jindishouhu/7_1.jpg
idx:0044,md5:1f57359c9ec5470996cdb5d36932f9e3,file: assets/CocoUI/UIRes/smallMap/Maps/jindishouhu.jpg
idx:0045,md5:06eca1b437c7904cc3ce6546c8110110,file: assets/Data/escort.bin
idx:0046,md5:f9d8bb105a6447ca321d0fa9189c1f77,file: assets/map/jindishouhu/6_5.jpg
idx:0047,md5:763a50252e56e17ba1ea992332513acb,file: assets/CocoUI/UIRes/Escort/beauty/3.png
idx:0048,md5:6c9cfbe60bf1541654ec678873629fbc,file: assets/map/jindishouhu/5_8.jpg
idx:0049,md5:22e368fd3f1080dc09f6309004bbf1de,file: assets/map/jindishouhu/7_3.jpg
idx:0050,md5:00594fd4f42ba43fc1ca0427a0576295,file: assets/map/jindishouhu/0_7.jpg
idx:0051,md5:00594fd4f42ba43fc1ca0427a0576295,file: assets/map/jindishouhu/4_8.jpg
idx:0052,md5:606642b00851cefd3dfc2293ef27a17a,file: assets/map/jindishouhu/6_1.jpg
idx:0053,md5:ea932fccf21a0b13b469bead41b0dbcc,file: assets/map/jindishouhu/9_4.jpg
idx:0054,md5:910344d449f9edf29769e447af747839,file: assets/CocoUI/UIRes/Escort/bottom.png
idx:0055,md5:de04e9830ea0a450e13533fa46233e60,file: assets/map/jindishouhu/7_0.jpg
idx:0056,md5:6b2f7347d7cc853bb0084b65b06f1c83,file: assets/map/jindishouhu/6_0.jpg
idx:0057,md5:ecbd201d20b52034098681410ede4170,file: assets/map/jindishouhu/3_4.jpg
idx:0058,md5:a17885b1b9362eadf688f31d389a9ca6,file: assets/map/jindishouhu/5_7.jpg
idx:0059,md5:633dec2c11c3f57c8e55647a17dd0f2b,file: assets/map/jindishouhu/5_4.jpg
idx:0060,md5:adf9ec716c498dcb8e5ae269e2542240,file: assets/CocoUI/UIRes/towerDefense/towerIcon.png
idx:0061,md5:dd99e2d3f7dc7baa0f17915129092043,file: assets/map/jindishouhu/3_2.jpg
idx:0062,md5:bcf5be694a80c566c52b6610721c5c33,file: assets/CocoUI/UIRes/moderchenhao/zijue.png
idx:0063,md5:b414f4340a57ffa2afbb4826f6a04bde,file: assets/map/jindishouhu/8_6.jpg
idx:0064,md5:d14663cea010d68261a1ba0232343d16,file: assets/map/jindishouhu/6_6.jpg
idx:0065,md5:b0ab33d2de2ef4c71f3b713a7832bdbf,file: assets/xml/model.xml.bak
idx:0066,md5:9913f0361192c9337f36b28965b86e76,file: assets/xml/collision.xml
idx:0067,md5:88805d02d208a5f8fb97c5ccbde07878,file: assets/map/jindishouhu/8_2.jpg
idx:0068,md5:0038bfbdd6f5a5fbc113fa90b4ce01a3,file: assets/map/jindishouhu/6_8.jpg
idx:0069,md5:6b1fe99437e3e2d14cdb0accf6ac1374,file: assets/map/jindishouhu/5_1.jpg
idx:0070,md5:00594fd4f42ba43fc1ca0427a0576295,file: assets/map/jindishouhu/2_8.jpg
idx:0071,md5:257efbe196755a5f12360db6c8583a64,file: assets/CocoUI/UIRes/Escort/select.png
idx:0072,md5:a7bb8e594e1ba624d02e949a56370010,file: assets/map/jindishouhu/1_4.jpg
idx:0073,md5:1a1ea9450d5a347579a97212fe0d3034,file: assets/map/jindishouhu/1_5.jpg
idx:0074,md5:3e03858a77adc72f67e81170c6d719f3,file: assets/map/jindishouhu/11_3.jpg
idx:0075,md5:00594fd4f42ba43fc1ca0427a0576295,file: assets/map/jindishouhu/3_8.jpg
idx:0076,md5:e8095abc071e4171761bdc902ebc7cc4,file: assets/map/jindishouhu/11_4.jpg
idx:0077,md5:524a50782178998021a88b8cd4c8dcd8,file: assets/model/body/1901.plist
idx:0078,md5:4fd8c4b6398f7a1779747d0e4e381890,file: assets/map/jindishouhu.tmf
idx:0079,md5:ee2f6acf395296b38e5887e6c45dbd19,file: assets/xml/resourceCfg.xml.bak
idx:0080,md5:4dedb2240a1e0f038dcdc8b3de92264c,file: assets/CocoUI/UICopyRushMission.json.bin
idx:0081,md5:02696d6299973c4c16aab874ff329edb,file: assets/map/jindishouhu/2_4.jpg
idx:0082,md5:ea31efcf4cb4b4dda43166d351b7fa9d,file: assets/map/jindishouhu/8_0.jpg
idx:0083,md5:19ea24ad8f0f56355300aaed752cfd15,file: assets/map/jindishouhu/9_2.jpg
idx:0084,md5:d41d8cd98f00b204e9800998ecf8427e,file: assets/Data/shop.bin
idx:0085,md5:8600f5e7423924a70558fa159a7d1c99,file: assets/CocoUI/UIRes/Escort/beauty/1.png
idx:0086,md5:91f75e220e107328a9ff6ce8703cd0cb,file: assets/CocoUI/ArenaUI_1.json.bin
idx:0087,md5:74d66b4d70426182eb7b066cdc51d492,file: assets/map/jindishouhu/4_2.jpg
idx:0088,md5:59e26494798935a1f1b48af727558bbc,file: assets/map/jindishouhu/0_5.jpg
idx:0089,md5:af312195bf7b339296bda3dbb1c94ef0,file: assets/map/jindishouhu/6_2.jpg
idx:0090,md5:f88abe75b996377b3ae44373e7d9df97,file: assets/map/jindishouhu/9_1.jpg
idx:0091,md5:586cf927b4bc6f96be8cb4ae29c7443a,file: assets/map/jindishouhu/5_5.jpg
idx:0092,md5:47ad94e98b64e5bf636d51fb0c9cb600,file: assets/CocoUI/UIRes/moderchenhao/fuguogong.png
idx:0093,md5:4e39d01ed05ca1821a697b89f059e7dc,file: assets/map/jindishouhu/4_5.jpg
idx:0094,md5:a8c34887c3812e508c172d70b2e9a7d0,file: assets/CocoUI/UIRes/Escort/beauty/2.png
idx:0095,md5:81ed1aa2ef7c4e6935eb78aa14065679,file: assets/CocoUI/UIRes/Escort/beauty/4.png
idx:0096,md5:00594fd4f42ba43fc1ca0427a0576295,file: assets/map/jindishouhu/0_3.jpg
idx:0097,md5:6c21f066dbe2d45f6f18d65d63e42b6f,file: assets/map/jindishouhu/10_4.jpg
idx:0098,md5:00594fd4f42ba43fc1ca0427a0576295,file: assets/map/jindishouhu/4_0.jpg
idx:0099,md5:07b3bbaad0e1be9f48f21e979e27a99c,file: assets/Data/strings.bin
idx:0100,md5:22f2c44510b2221308a640022ddd7e41,file: assets/map/jindishouhu/6_4.jpg
idx:0101,md5:a46ade31f0b2e74a186bc9284bf70c2e,file: assets/map/jindishouhu/4_3.jpg
idx:0102,md5:72be62ddcd6742b5641a90f3fc985691,file: assets/map/jindishouhu/4_6.jpg
idx:0103,md5:a5ad109d1076991d759b3cd88767b5a3,file: assets/map/jindishouhu/5_3.jpg
idx:0104,md5:174170cea2985824af017838519fff2b,file: assets/map/jindishouhu/11_2.jpg
idx:0105,md5:04f12eb25b211b1b13ed4ae56396020a,file: assets/xml/model.xml
idx:0106,md5:b99195bf72dcf9796642cd673681b91b,file: assets/map/jindishouhu/7_5.jpg
idx:0107,md5:171d6db5279b08ab8d6cfd4561be8230,file: assets/map/jindishouhu/3_5.jpg
idx:0108,md5:446ef126fb07a49dac92b5bbe480d773,file: assets/map/jindishouhu/10_2.jpg
idx:0109,md5:00594fd4f42ba43fc1ca0427a0576295,file: assets/map/jindishouhu/10_1.jpg
idx:0110,md5:00594fd4f42ba43fc1ca0427a0576295,file: assets/map/jindishouhu/1_7.jpg
idx:0111,md5:00594fd4f42ba43fc1ca0427a0576295,file: assets/map/jindishouhu/0_6.jpg
idx:0112,md5:102d49a1f6d3b8aba402ef4dacfd1943,file: assets/map/jindishouhu/5_2.jpg
idx:0113,md5:2a5c779827f7a3ce0794b6f9d0495c75,file: assets/map/jindishouhu/1_3.jpg
idx:0114,md5:42bf9b7f2b73a9fad6db4a1c35c2ce59,file: assets/map/jindishouhu/6_3.jpg
idx:0115,md5:f80812ef0d1d856c59eb44f7ea05fe05,file: assets/map/jindishouhu/5_6.jpg
idx:0116,md5:5f03c8a4f8c9b5639f2443dc15dda184,file: assets/CocoUI/UIRes/Escort/notSelect.png
idx:0117,md5:d079c85fd226f81e6a65c2f8471d3e3e,file: assets/CocoUI/UIRes/moderchenhao/zhongyongbo.png
